<?xml version="1.0" encoding="UTF-8"?>
<testng-results skipped="0" failed="0" ignored="0" total="1" passed="1">
  <reporter-output>
  </reporter-output>
  <suite name="Default suite" duration-ms="17746" started-at="2020-07-05T17:01:16Z" finished-at="2020-07-05T17:01:34Z">
    <groups>
    </groups>
    <test name="Default test" duration-ms="17746" started-at="2020-07-05T17:01:16Z" finished-at="2020-07-05T17:01:34Z">
      <class name="Automation.OrangeHRM.HomePage">
        <test-method status="PASS" signature="employeeList()[pri:0, instance:Automation.OrangeHRM.HomePage@ae45eb6]" name="employeeList" duration-ms="17723" started-at="2020-07-05T17:01:16Z" finished-at="2020-07-05T17:01:34Z">
          <reporter-output>
          </reporter-output>
        </test-method> <!-- employeeList -->
      </class> <!-- Automation.OrangeHRM.HomePage -->
    </test> <!-- Default test -->
  </suite> <!-- Default suite -->
</testng-results>
